mode: set
github.com/lechnerc77/gotestdemo/calculator/calculator.go:5.31,8.2 2 1
github.com/lechnerc77/gotestdemo/calculator/calculator.go:10.48,12.16 1 1
github.com/lechnerc77/gotestdemo/calculator/calculator.go:16.2,18.33 3 1
github.com/lechnerc77/gotestdemo/calculator/calculator.go:12.16,14.3 1 1
github.com/lechnerc77/gotestdemo/calculator/primes.go:5.30,6.16 1 1
github.com/lechnerc77/gotestdemo/calculator/primes.go:10.2,10.16 1 1
github.com/lechnerc77/gotestdemo/calculator/primes.go:14.2,14.66 1 1
github.com/lechnerc77/gotestdemo/calculator/primes.go:19.2,19.13 1 1
github.com/lechnerc77/gotestdemo/calculator/primes.go:6.16,8.3 1 1
github.com/lechnerc77/gotestdemo/calculator/primes.go:10.16,12.3 1 1
github.com/lechnerc77/gotestdemo/calculator/primes.go:14.66,15.19 1 1
github.com/lechnerc77/gotestdemo/calculator/primes.go:15.19,17.4 1 1
github.com/lechnerc77/gotestdemo/network/network.go:8.50,11.16 2 1
github.com/lechnerc77/gotestdemo/network/network.go:15.2,15.29 1 1
github.com/lechnerc77/gotestdemo/network/network.go:11.16,13.3 1 0
github.com/lechnerc77/gotestdemo/network/network.go:19.57,22.16 2 1
github.com/lechnerc77/gotestdemo/network/network.go:26.2,26.29 1 1
github.com/lechnerc77/gotestdemo/network/network.go:22.16,24.3 1 0
